0.283667
0.284114
0.284839
0.284553
0.284344
0.284495
0.284645
0.284243
0.284654
0.284539
0.284952

1.143730
1.143423
1.147385
1.142935
1.137139
1.143369
1.143890
1.143291
1.154849
1.159228
1.149130

4.603896
4.620604
4.639294
4.596368
4.608331
4.614255
4.614135
4.597504
4.614004
4.609400
4.604767

18.473181
18.491262
18.492374
18.427795
18.276287
18.311104
18.280397
18.319347
18.444424
18.396124
18.380896

73.687630
73.300499
74.101135
73.846573
73.684425
73.717834
73.869385
73.754204
73.836815
73.546204
74.235977

294.759338
294.611206
294.855438
295.352081
294.748169
295.241211
295.207092
294.206329
295.179688
295.456421
295.775543

1181.377686
1180.065796
1180.853638
1180.701172
1181.561157
1180.916870
1179.817017
1181.470215
1180.806274
1181.240479
1181.530640

