0.010400 0.056148 0.000033 0.066731
0.010387 0.043735 0.000032 0.054296
0.010433 0.036563 0.000034 0.047177
0.010401 0.045048 0.000022 0.055568
0.010012 0.034454 0.000022 0.044588
0.010012 0.034583 0.000020 0.044713
0.010027 0.034516 0.000021 0.044661
0.010022 0.035881 0.000021 0.046021
0.010014 0.035408 0.000021 0.045544
0.010017 0.036193 0.000030 0.046378

0.023654 0.035121 0.000043 0.058918
0.023698 0.034810 0.000039 0.058644
0.023746 0.035544 0.000043 0.059446
0.023673 0.034922 0.000039 0.058731
0.023700 0.034732 0.000041 0.058570
0.023695 0.035047 0.000040 0.058882
0.023672 0.035199 0.000043 0.059019
0.023666 0.035178 0.000042 0.058985
0.023701 0.035221 0.000040 0.059059
0.023693 0.035656 0.000042 0.059490

0.078886 0.035686 0.000122 0.114798
0.078469 0.035129 0.000113 0.113812
0.078842 0.035610 0.000116 0.114669
0.078854 0.035640 0.000117 0.114710
0.078502 0.035147 0.000117 0.113866
0.078459 0.035340 0.000118 0.114015
0.078463 0.034910 0.000115 0.113588
0.078458 0.034979 0.000116 0.113650
0.078885 0.035485 0.000120 0.114594
0.078503 0.035334 0.000121 0.114068

0.297964 0.035772 0.000417 0.334315
0.297659 0.034596 0.000425 0.332845
0.297696 0.035156 0.000417 0.333435
0.297727 0.035152 0.000438 0.333484
0.297665 0.035362 0.000416 0.333608
0.297701 0.035461 0.000416 0.333744
0.297655 0.035615 0.000431 0.333864
0.297656 0.041857 0.000416 0.340096
0.297700 0.034343 0.000418 0.332625
0.297636 0.035033 0.000414 0.333249

1.174050 0.035873 0.001398 1.211507
1.174105 0.036223 0.001380 1.211893
1.174266 0.036097 0.001450 1.212026
1.174228 0.036020 0.001391 1.211822
1.174371 0.035982 0.001419 1.211958
1.174155 0.036745 0.001398 1.212500
1.174301 0.036615 0.001403 1.212506
1.174129 0.036082 0.001386 1.211779
1.174159 0.036270 0.001393 1.212014
1.174268 0.036440 0.001406 1.212313

4.680036 0.038357 0.005200 4.723803
4.680409 0.038475 0.005209 4.724300
4.680819 0.038446 0.005200 4.724670
4.680328 0.038228 0.005118 4.723917
4.679855 0.037381 0.005201 4.722641
4.680457 0.038019 0.005330 4.724015
4.680409 0.038331 0.005195 4.724141
4.680151 0.037720 0.005204 4.723279
4.679882 0.038038 0.005195 4.723655
4.680185 0.039358 0.005323 4.725080

18.704130 0.045089 0.020393 18.769884
18.705328 0.044858 0.020460 18.770920
18.703180 0.045729 0.020798 18.770321
18.704247 0.046038 0.020385 18.770945
18.705009 0.045377 0.020845 18.771856
18.705507 0.045563 0.020910 18.772266
18.705139 0.054965 0.020464 18.780844
18.705755 0.045459 0.020394 18.772228
18.705286 0.045326 0.020330 18.771210
18.703856 0.044732 0.020452 18.769312

