0.008812 0.067882 0.000000 0.076826
0.008485 0.036078 0.000000 0.044681
0.008477 0.035670 0.000000 0.044265
0.008477 0.036215 0.000001 0.044810
0.008500 0.035791 0.000001 0.044416
0.008529 0.035742 0.000000 0.044430
0.008513 0.035736 0.000001 0.044364
0.008480 0.036181 0.000000 0.044781
0.008476 0.035852 0.000000 0.044458
0.008563 0.035694 0.000000 0.044398

0.018607 0.036232 0.000000 0.054981
0.019042 0.035236 0.000001 0.054430
0.018608 0.035980 0.000000 0.054732
0.018590 0.035890 0.000000 0.054625
0.018632 0.035953 0.000001 0.054751
0.018595 0.035579 0.000001 0.054309
0.018593 0.035955 0.000000 0.054692
0.018604 0.035866 0.000000 0.054618
0.018615 0.035356 0.000000 0.054146
0.018594 0.035670 0.000000 0.054421

0.060222 0.035662 0.000001 0.096039
0.060232 0.035773 0.000000 0.096164
0.060224 0.035970 0.000000 0.096343
0.060245 0.036041 0.000000 0.096430
0.060240 0.038371 0.000000 0.098769
0.060243 0.035823 0.000000 0.096225
0.060231 0.035402 0.000000 0.095790
0.060221 0.035517 0.000000 0.095894
0.060235 0.035380 0.000000 0.095780
0.060276 0.035612 0.000000 0.096052

0.225539 0.036194 0.000000 0.261968
0.225556 0.035850 0.000001 0.261642
0.225564 0.035015 0.000000 0.260818
0.225549 0.035066 0.000000 0.260847
0.225589 0.035493 0.000001 0.261304
0.225571 0.036065 0.000000 0.261848
0.225540 0.035666 0.000000 0.261430
0.225614 0.035467 0.000000 0.261305
0.225538 0.036053 0.000001 0.261819
0.225583 0.036103 0.000000 0.261913

0.887079 0.036312 0.000000 0.923627
0.887034 0.036803 0.000001 0.924061
0.886810 0.036356 0.000000 0.923388
0.886760 0.036712 0.000000 0.923700
0.886785 0.036243 0.000000 0.923254
0.887140 0.036204 0.000000 0.923564
0.886860 0.036669 0.000000 0.923756
0.886803 0.036208 0.000000 0.923251
0.886876 0.035800 0.000000 0.922911
0.886852 0.036306 0.000000 0.923393

3.532480 0.038083 0.000000 3.570821
3.532396 0.038865 0.000001 3.571495
3.532594 0.039038 0.000000 3.571859
3.532232 0.038938 0.000001 3.571751
3.532286 0.039020 0.000000 3.571576
3.532297 0.039099 0.000001 3.571638
3.532272 0.039518 0.000000 3.572038
3.532374 0.039002 0.000000 3.571614
3.530303 0.039754 0.000000 3.570673
3.532201 0.048033 0.000000 3.580467

14.113000 0.056677 0.000000 14.169975
14.114182 0.056095 0.000000 14.171000
14.114069 0.056074 0.000000 14.170455
14.109573 0.056512 0.000000 14.166703
14.112165 0.046190 0.000000 14.159016
14.115100 0.046265 0.000000 14.161671
14.113268 0.054640 0.000000 14.168172
14.113876 0.045561 0.000000 14.160114
14.113194 0.046693 0.000000 14.160158
14.113542 0.045551 0.000000 14.159670

