0.008929 0.061029 0.000023 0.070092
0.008943 0.036507 0.000023 0.045588
0.008976 0.036015 0.000029 0.045160
0.008928 0.036168 0.000028 0.045265
0.008925 0.036421 0.000030 0.045524
0.008584 0.034848 0.000029 0.043608
0.008529 0.036627 0.000030 0.045331
0.008546 0.035865 0.000030 0.044585
0.008539 0.035809 0.000028 0.044519
0.008636 0.035214 0.000029 0.044028

0.019219 0.035566 0.000068 0.055017
0.019234 0.034628 0.000055 0.054063
0.019241 0.034795 0.000057 0.054245
0.019254 0.034995 0.000059 0.054457
0.019245 0.035527 0.000055 0.054982
0.019245 0.034561 0.000059 0.054020
0.019211 0.035371 0.000058 0.054794
0.019220 0.034694 0.000060 0.054109
0.019219 0.035159 0.000056 0.054583
0.019249 0.034975 0.000055 0.054424

0.062216 0.035201 0.000135 0.097704
0.062634 0.035308 0.000139 0.098234
0.062208 0.035088 0.000136 0.097586
0.062205 0.035718 0.000134 0.098207
0.062256 0.035004 0.000136 0.097548
0.062211 0.035436 0.000143 0.097949
0.062600 0.035706 0.000135 0.098585
0.062222 0.035247 0.000138 0.097763
0.062215 0.035040 0.000132 0.097538
0.062201 0.035527 0.000137 0.098017

0.233696 0.035402 0.000551 0.269926
0.233629 0.035894 0.000450 0.270185
0.233364 0.034893 0.000444 0.268925
0.233411 0.035903 0.000455 0.269985
0.233366 0.035028 0.000479 0.269096
0.233345 0.035895 0.000460 0.269913
0.233392 0.036006 0.000469 0.270096
0.233389 0.035938 0.000468 0.270017
0.233340 0.036308 0.000455 0.270317
0.233299 0.036100 0.000463 0.270093

0.918220 0.037337 0.001503 0.957287
0.918213 0.036114 0.001462 0.956015
0.918120 0.044161 0.001464 0.963970
0.918248 0.036330 0.001462 0.956264
0.918129 0.045801 0.001494 0.965645
0.918143 0.044114 0.001481 0.963963
0.918058 0.036082 0.001706 0.956066
0.918168 0.036252 0.001503 0.956155
0.918127 0.044348 0.001481 0.964183
0.917854 0.043524 0.001497 0.963095

3.655995 0.045251 0.005458 3.706917
3.656264 0.038068 0.005303 3.700168
3.656514 0.038159 0.005311 3.700193
3.656036 0.038574 0.005235 3.700051
3.656194 0.037906 0.005302 3.699612
3.655906 0.038552 0.005431 3.700095
3.656032 0.038169 0.005310 3.699719
3.655836 0.038342 0.005318 3.699697
3.656237 0.038506 0.005331 3.700276
3.655794 0.038495 0.005310 3.699800

14.609174 0.044824 0.020622 14.675228
14.609293 0.046733 0.021337 14.678019
14.608928 0.046563 0.020372 14.676489
14.608713 0.046637 0.020534 14.676156
14.608253 0.045476 0.020446 14.674445
14.609231 0.045497 0.020531 14.675853
14.607549 0.045227 0.020962 14.674019
14.609768 0.045599 0.020752 14.676390
14.607827 0.045483 0.020551 14.674140
14.609125 0.045982 0.021402 14.676805

