0.047937 0.056927 0.000022 0.104986
0.047947 0.036450 0.000022 0.084519
0.047895 0.036517 0.000022 0.084537
0.047900 0.036056 0.000022 0.084076
0.047930 0.036288 0.000022 0.084338
0.047601 0.034518 0.000022 0.082244
0.047750 0.034907 0.000023 0.082783
0.047625 0.035370 0.000021 0.083117
0.047635 0.035264 0.000022 0.083020
0.047576 0.034850 0.000021 0.082544

0.164456 0.035950 0.000043 0.200553
0.164505 0.036738 0.000044 0.201388
0.164776 0.036461 0.000045 0.201388
0.164503 0.035167 0.000044 0.199811
0.164372 0.035625 0.000043 0.200138
0.164456 0.035769 0.000045 0.200371
0.164746 0.035817 0.000044 0.200711
0.164448 0.035374 0.000054 0.200013
0.164524 0.036041 0.000054 0.200764
0.164589 0.035125 0.000043 0.199854

0.632773 0.034978 0.000122 0.667976
0.632574 0.035440 0.000125 0.668241
0.632809 0.035751 0.000121 0.668784
0.632744 0.035372 0.000150 0.668410
0.633054 0.035830 0.000134 0.669152
0.632652 0.036160 0.000125 0.669043
0.632875 0.035557 0.000133 0.668695
0.632758 0.035663 0.000126 0.668653
0.632715 0.035767 0.000122 0.668708
0.632589 0.035720 0.000124 0.668541

2.531020 0.035647 0.000446 2.567308
2.531243 0.035433 0.000446 2.567619
2.530417 0.036494 0.000439 2.567526
2.530661 0.035772 0.000442 2.567059
2.531332 0.035192 0.000438 2.567133
2.531020 0.035349 0.000433 2.566970
2.531293 0.036624 0.000443 2.568541
2.531419 0.035789 0.000446 2.567825
2.531169 0.035751 0.000436 2.567520
2.531027 0.035190 0.000438 2.566822

10.511021 0.035797 0.001409 10.548428
10.509369 0.036283 0.001438 10.547287
10.509494 0.037083 0.001428 10.548553
10.509997 0.036069 0.001455 10.547722
10.510821 0.036107 0.001448 10.548633
10.509907 0.036220 0.001402 10.548072
10.511328 0.037182 0.001410 10.550118
10.512474 0.036609 0.001464 10.551116
10.513227 0.037755 0.001442 10.552623
10.514208 0.037280 0.001437 10.553129

41.916920 0.038134 0.005385 41.961021
41.920128 0.039427 0.005211 41.965298
41.916103 0.039037 0.005368 41.960720
41.918636 0.039419 0.005341 41.963989
41.920025 0.040067 0.005492 41.966148
41.916138 0.039551 0.005326 41.961224
41.909866 0.039501 0.005363 41.955349
41.918415 0.046780 0.005352 41.971096
41.908562 0.040677 0.005346 41.955147
41.911987 0.039322 0.005372 41.957249

167.327713 0.046813 0.020429 167.395599
167.301590 0.046536 0.020839 167.369568
167.319290 0.047349 0.020423 167.387726
167.296021 0.047268 0.020979 167.364914
167.303314 0.046252 0.021005 167.371185
167.290436 0.047176 0.021027 167.359268
167.306885 0.047558 0.020576 167.375626
167.325439 0.046287 0.020430 167.392761
167.314224 0.046587 0.020569 167.382004
167.488464 0.046091 0.021323 167.556503

