0.009514 0.060540 0.000023 0.070176
0.009128 0.034528 0.000020 0.043772
0.009136 0.035458 0.000022 0.044715
0.009172 0.035316 0.000021 0.044608
0.009159 0.034825 0.000021 0.044106
0.009172 0.035447 0.000023 0.044742
0.009157 0.034217 0.000021 0.043494
0.009135 0.036113 0.000022 0.045374
0.009127 0.034925 0.000021 0.044170
0.009175 0.034983 0.000021 0.044278

0.022921 0.035160 0.000042 0.058222
0.022949 0.034982 0.000042 0.058073
0.022922 0.035290 0.000043 0.058358
0.022934 0.034962 0.000044 0.058041
0.022949 0.035229 0.000046 0.058326
0.022921 0.034931 0.000044 0.057997
0.023334 0.035841 0.000043 0.059325
0.022909 0.035620 0.000040 0.058667
0.022932 0.035832 0.000043 0.058910
0.022967 0.035255 0.000079 0.058482

0.079122 0.035738 0.000121 0.115081
0.079483 0.035557 0.000125 0.115263
0.079144 0.035922 0.000122 0.115288
0.079511 0.035876 0.000127 0.115618
0.079134 0.035386 0.000120 0.114738
0.079159 0.035190 0.000120 0.114566
0.079132 0.035477 0.000125 0.114832
0.079523 0.035723 0.000122 0.115469
0.079164 0.035482 0.000124 0.114870
0.079156 0.034742 0.000121 0.114123

0.319800 0.035639 0.000434 0.356038
0.319360 0.035316 0.000437 0.355285
0.319537 0.035168 0.000432 0.355309
0.319522 0.035315 0.000432 0.355432
0.319458 0.035499 0.000434 0.355556
0.319202 0.035249 0.000447 0.355453
0.319573 0.037562 0.000437 0.357766
0.319481 0.035498 0.000432 0.355578
0.319512 0.035936 0.000440 0.356056
0.319472 0.035521 0.000446 0.355606

1.714673 0.035546 0.001438 1.751848
1.713859 0.036388 0.001437 1.751869
1.715467 0.036267 0.001462 1.753388
1.715208 0.037448 0.001400 1.754258
1.713966 0.035250 0.001451 1.750858
1.714042 0.034774 0.001408 1.750424
1.714572 0.036448 0.001391 1.752596
1.714183 0.036719 0.001430 1.752513
1.714045 0.035700 0.001414 1.751347
1.714657 0.036292 0.001416 1.752569

